Flow report for contadorUpDown
Sun Mar 11 00:32:00 2018
Quartus II 64-Bit Version 13.0.1 Build 232 06/12/2013 Service Pack 1 SJ Web Edition


---------------------
; Table of Contents ;
---------------------
  1. Legal Notice
  2. Flow Summary
  3. Flow Settings
  4. Flow Non-Default Global Settings
  5. Flow Elapsed Time
  6. Flow OS Summary
  7. Flow Log
  8. Flow Messages
  9. Flow Suppressed Messages



----------------
; Legal Notice ;
----------------
Copyright (C) 1991-2013 Altera Corporation
Your use of Altera Corporation's design tools, logic functions 
and other software and tools, and its AMPP partner logic 
functions, and any output files from any of the foregoing 
(including device programming or simulation files), and any 
associated documentation or information are expressly subject 
to the terms and conditions of the Altera Program License 
Subscription Agreement, Altera MegaCore Function License 
Agreement, or other applicable license agreement, including, 
without limitation, that your use is for the sole purpose of 
programming logic devices manufactured by Altera and sold by 
Altera or its authorized distributors.  Please refer to the 
applicable agreement for further details.



+--------------------------------------------------------------------------------------+
; Flow Summary                                                                         ;
+------------------------------------+-------------------------------------------------+
; Flow Status                        ; Successful - Sun Mar 11 00:32:00 2018           ;
; Quartus II 64-Bit Version          ; 13.0.1 Build 232 06/12/2013 SP 1 SJ Web Edition ;
; Revision Name                      ; contadorUpDown                                  ;
; Top-level Entity Name              ; contador7seg                                    ;
; Family                             ; Cyclone II                                      ;
; Device                             ; EP2C5T144C8                                     ;
; Timing Models                      ; Final                                           ;
; Total logic elements               ; 15 / 4,608 ( < 1 % )                            ;
;     Total combinational functions  ; 15 / 4,608 ( < 1 % )                            ;
;     Dedicated logic registers      ; 4 / 4,608 ( < 1 % )                             ;
; Total registers                    ; 4                                               ;
; Total pins                         ; 14 / 89 ( 16 % )                                ;
; Total virtual pins                 ; 0                                               ;
; Total memory bits                  ; 0 / 119,808 ( 0 % )                             ;
; Embedded Multiplier 9-bit elements ; 0 / 26 ( 0 % )                                  ;
; Total PLLs                         ; 0 / 2 ( 0 % )                                   ;
+------------------------------------+-------------------------------------------------+


+-----------------------------------------+
; Flow Settings                           ;
+-------------------+---------------------+
; Option            ; Setting             ;
+-------------------+---------------------+
; Start date & time ; 03/11/2018 00:31:06 ;
; Main task         ; Compilation         ;
; Revision Name     ; contadorUpDown      ;
+-------------------+---------------------+


+---------------------------------------------------------------------------------------------------------------------+
; Flow Non-Default Global Settings                                                                                    ;
+-------------------------------------+------------------------------+----------------+--------------+----------------+
; Assignment Name                     ; Value                        ; Default Value  ; Entity Name  ; Section Id     ;
+-------------------------------------+------------------------------+----------------+--------------+----------------+
; COMPILER_SIGNATURE_ID               ; 165402229097.152074986503120 ; --             ; --           ; --             ;
; EDA_GENERATE_FUNCTIONAL_NETLIST     ; On                           ; --             ; --           ; eda_simulation ;
; EDA_OUTPUT_DATA_FORMAT              ; Verilog Hdl                  ; --             ; --           ; eda_simulation ;
; EDA_SIMULATION_TOOL                 ; ModelSim-Altera (Verilog)    ; <None>         ; --           ; --             ;
; MAX_CORE_JUNCTION_TEMP              ; 85                           ; --             ; --           ; --             ;
; MIN_CORE_JUNCTION_TEMP              ; 0                            ; --             ; --           ; --             ;
; PARTITION_COLOR                     ; 16764057                     ; --             ; contador7seg ; Top            ;
; PARTITION_FITTER_PRESERVATION_LEVEL ; PLACEMENT_AND_ROUTING        ; --             ; contador7seg ; Top            ;
; PARTITION_NETLIST_TYPE              ; SOURCE                       ; --             ; contador7seg ; Top            ;
; PROJECT_OUTPUT_DIRECTORY            ; output_files                 ; --             ; --           ; --             ;
; TOP_LEVEL_ENTITY                    ; contador7seg                 ; contadorUpDown ; --           ; --             ;
+-------------------------------------+------------------------------+----------------+--------------+----------------+


+-------------------------------------------------------------------------------------------------------------------------------+
; Flow Elapsed Time                                                                                                             ;
+---------------------------+--------------+-------------------------+---------------------+------------------------------------+
; Module Name               ; Elapsed Time ; Average Processors Used ; Peak Virtual Memory ; Total CPU Time (on all processors) ;
+---------------------------+--------------+-------------------------+---------------------+------------------------------------+
; Analysis & Synthesis      ; 00:00:06     ; 1.0                     ; 480 MB              ; 00:00:03                           ;
; Fitter                    ; 00:00:08     ; 1.0                     ; 578 MB              ; 00:00:04                           ;
; Assembler                 ; 00:00:04     ; 1.0                     ; 412 MB              ; 00:00:02                           ;
; TimeQuest Timing Analyzer ; 00:00:07     ; 1.0                     ; 384 MB              ; 00:00:02                           ;
; EDA Netlist Writer        ; 00:00:02     ; 1.0                     ; 372 MB              ; 00:00:01                           ;
; EDA Netlist Writer        ; 00:00:03     ; 1.0                     ; 380 MB              ; 00:00:01                           ;
; EDA Netlist Writer        ; 00:00:03     ; 1.0                     ; 380 MB              ; 00:00:02                           ;
; Total                     ; 00:00:33     ; --                      ; --                  ; 00:00:15                           ;
+---------------------------+--------------+-------------------------+---------------------+------------------------------------+


+----------------------------------------------------------------------------------------+
; Flow OS Summary                                                                        ;
+---------------------------+------------------+-----------+------------+----------------+
; Module Name               ; Machine Hostname ; OS Name   ; OS Version ; Processor type ;
+---------------------------+------------------+-----------+------------+----------------+
; Analysis & Synthesis      ; margarita-HP     ; Windows 7 ; 6.1        ; x86_64         ;
; Fitter                    ; margarita-HP     ; Windows 7 ; 6.1        ; x86_64         ;
; Assembler                 ; margarita-HP     ; Windows 7 ; 6.1        ; x86_64         ;
; TimeQuest Timing Analyzer ; margarita-HP     ; Windows 7 ; 6.1        ; x86_64         ;
; EDA Netlist Writer        ; margarita-HP     ; Windows 7 ; 6.1        ; x86_64         ;
; EDA Netlist Writer        ; margarita-HP     ; Windows 7 ; 6.1        ; x86_64         ;
; EDA Netlist Writer        ; margarita-HP     ; Windows 7 ; 6.1        ; x86_64         ;
+---------------------------+------------------+-----------+------------+----------------+


------------
; Flow Log ;
------------
quartus_map --read_settings_files=on --write_settings_files=off contadorUpDown -c contadorUpDown
quartus_fit --read_settings_files=off --write_settings_files=off contadorUpDown -c contadorUpDown
quartus_asm --read_settings_files=off --write_settings_files=off contadorUpDown -c contadorUpDown
quartus_sta contadorUpDown -c contadorUpDown
quartus_eda --read_settings_files=off --write_settings_files=off contadorUpDown -c contadorUpDown
quartus_eda --gen_testbench --check_outputs=on --tool=modelsim_oem --format=verilog contadorUpDown -c contadorUpDown --vector_source=F:/proyectos/contador7seg/contador7seg.vwf --testbench_file=./simulation/qsim/contadorUpDown.vt
quartus_eda --functional=on --simulation=on --tool=modelsim_oem --format=verilog contadorUpDown -c contadorUpDown



